<?xml version="1.0" encoding="UTF-8"?>
<!-- Generated by org.testng.reporters.JUnitReportReporter -->
<testsuite hostname="Desktop-Monitor-2nd-Floor-Room3" failures="0" tests="1" name="com.actitime.testscript.UserModule" time="0.004" errors="0" timestamp="2024-03-17T11:11:06 IST" skipped="0">
  <testcase classname="com.actitime.testscript.UserModule" name="createUser" time="0.004">
    <system-out>
      <![CDATA[createUser]]>
    </system-out>
  </testcase> <!-- createUser -->
  <system-out>
    <![CDATA[openBrowser
login
createProject
logout
closeBrowser
openBrowser
login
createCustomer
logout
closeBrowser
openBrowser
login
createUser
logout
closeBrowser]]>
  </system-out>
</testsuite> <!-- com.actitime.testscript.UserModule -->
