<?xml version="1.0" encoding="UTF-8"?>
<!-- Generated by org.testng.reporters.JUnitReportReporter -->
<testsuite hostname="Desktop-Monitor-2nd-Floor-Room3" failures="0" tests="3" name="demo.DemoTest" time="0.023" errors="0" timestamp="2024-03-16T10:57:55 IST" skipped="0">
  <testcase classname="demo.DemoTest" name="demoA" time="0.013">
    <system-out>
      <![CDATA[Hi world]]>
    </system-out>
  </testcase> <!-- demoA -->
  <testcase classname="demo.DemoTest" name="demoB" time="0.004"/>
  <testcase classname="demo.DemoTest" name="demoC" time="0.006">
    <system-out>
      <![CDATA[Hello world]]>
    </system-out>
  </testcase> <!-- demoC -->
  <system-out>
    <![CDATA[Hi world
Hello world]]>
  </system-out>
</testsuite> <!-- demo.DemoTest -->
